<?xml version="1.0" ?>
<testsuites disabled="0" errors="0" failures="8" tests="12" time="0.0">
    <testsuite disabled="0" errors="0" failures="0" name="CKV_AWS_46/Ensure no hard-coded secrets exist in EC2 user data" skipped="0" tests="2" time="0" package="checkov.terraform.checks.resource.aws.EC2Credentials">
        <testcase name="terraform CKV_AWS_46/Ensure no hard-coded secrets exist in EC2 user data aws_instance.web" classname="checkov.terraform.checks.resource.aws.EC2Credentials" file="/sample.tf"/>
        <testcase name="terraform CKV_AWS_46/Ensure no hard-coded secrets exist in EC2 user data aws_instance.web2" classname="checkov.terraform.checks.resource.aws.EC2Credentials" file="/sample.tf"/>
    </testsuite>
    <testsuite disabled="0" errors="0" failures="0" name="CKV_AWS_88/EC2 instance should not have public IP." skipped="0" tests="2" time="0" package="checkov.terraform.checks.resource.aws.EC2PublicIP">
        <testcase name="terraform CKV_AWS_88/EC2 instance should not have public IP. aws_instance.web" classname="checkov.terraform.checks.resource.aws.EC2PublicIP" file="/sample.tf"/>
        <testcase name="terraform CKV_AWS_88/EC2 instance should not have public IP. aws_instance.web2" classname="checkov.terraform.checks.resource.aws.EC2PublicIP" file="/sample.tf"/>
    </testsuite>
    <testsuite disabled="0" errors="0" failures="2" name="CKV_AWS_79/Ensure Instance Metadata Service Version 1 is not enabled" skipped="0" tests="2" time="0" package="checkov.terraform.checks.resource.aws.IMDSv1Disabled">
        <testcase name="terraform CKV_AWS_79/Ensure Instance Metadata Service Version 1 is not enabled aws_instance.web" classname="checkov.terraform.checks.resource.aws.IMDSv1Disabled" file="/sample.tf">
            <failure type="failure" message="Resource aws_instance.web failed in check CKV_AWS_79/Ensure Instance Metadata Service Version 1 is not enabled - /sample.tf:[17, 24] - Guideline: https://docs.bridgecrew.io/docs/bc_aws_general_31"/>
        </testcase>
        <testcase name="terraform CKV_AWS_79/Ensure Instance Metadata Service Version 1 is not enabled aws_instance.web2" classname="checkov.terraform.checks.resource.aws.IMDSv1Disabled" file="/sample.tf">
            <failure type="failure" message="Resource aws_instance.web2 failed in check CKV_AWS_79/Ensure Instance Metadata Service Version 1 is not enabled - /sample.tf:[26, 33] - Guideline: https://docs.bridgecrew.io/docs/bc_aws_general_31"/>
        </testcase>
    </testsuite>
    <testsuite disabled="0" errors="0" failures="2" name="CKV_AWS_8/Ensure all data stored in the Launch configuration EBS is securely encrypted" skipped="0" tests="2" time="0" package="checkov.terraform.checks.resource.aws.LaunchConfigurationEBSEncryption">
        <testcase name="terraform CKV_AWS_8/Ensure all data stored in the Launch configuration EBS is securely encrypted aws_instance.web" classname="checkov.terraform.checks.resource.aws.LaunchConfigurationEBSEncryption" file="/sample.tf">
            <failure type="failure" message="Resource aws_instance.web failed in check CKV_AWS_8/Ensure all data stored in the Launch configuration EBS is securely encrypted - /sample.tf:[17, 24] - Guideline: https://docs.bridgecrew.io/docs/general_13"/>
        </testcase>
        <testcase name="terraform CKV_AWS_8/Ensure all data stored in the Launch configuration EBS is securely encrypted aws_instance.web2" classname="checkov.terraform.checks.resource.aws.LaunchConfigurationEBSEncryption" file="/sample.tf">
            <failure type="failure" message="Resource aws_instance.web2 failed in check CKV_AWS_8/Ensure all data stored in the Launch configuration EBS is securely encrypted - /sample.tf:[26, 33] - Guideline: https://docs.bridgecrew.io/docs/general_13"/>
        </testcase>
    </testsuite>
    <testsuite disabled="0" errors="0" failures="2" name="CKV_AWS_135/Ensure that EC2 is EBS optimized" skipped="0" tests="2" time="0" package="checkov.terraform.checks.resource.aws.EC2EBSOptimized">
        <testcase name="terraform CKV_AWS_135/Ensure that EC2 is EBS optimized aws_instance.web" classname="checkov.terraform.checks.resource.aws.EC2EBSOptimized" file="/sample.tf">
            <failure type="failure" message="Resource aws_instance.web failed in check CKV_AWS_135/Ensure that EC2 is EBS optimized - /sample.tf:[17, 24] - Guideline: https://docs.bridgecrew.io/docs/ensure-that-ec2-is-ebs-optimized"/>
        </testcase>
        <testcase name="terraform CKV_AWS_135/Ensure that EC2 is EBS optimized aws_instance.web2" classname="checkov.terraform.checks.resource.aws.EC2EBSOptimized" file="/sample.tf">
            <failure type="failure" message="Resource aws_instance.web2 failed in check CKV_AWS_135/Ensure that EC2 is EBS optimized - /sample.tf:[26, 33] - Guideline: https://docs.bridgecrew.io/docs/ensure-that-ec2-is-ebs-optimized"/>
        </testcase>
    </testsuite>
    <testsuite disabled="0" errors="0" failures="2" name="CKV_AWS_126/Ensure that detailed monitoring is enabled for EC2 instances" skipped="0" tests="2" time="0" package="checkov.terraform.checks.resource.aws.EC2DetailedMonitoringEnabled">
        <testcase name="terraform CKV_AWS_126/Ensure that detailed monitoring is enabled for EC2 instances aws_instance.web" classname="checkov.terraform.checks.resource.aws.EC2DetailedMonitoringEnabled" file="/sample.tf">
            <failure type="failure" message="Resource aws_instance.web failed in check CKV_AWS_126/Ensure that detailed monitoring is enabled for EC2 instances - /sample.tf:[17, 24] - Guideline: https://docs.bridgecrew.io/docs/ensure-that-detailed-monitoring-is-enabled-for-ec2-instances"/>
        </testcase>
        <testcase name="terraform CKV_AWS_126/Ensure that detailed monitoring is enabled for EC2 instances aws_instance.web2" classname="checkov.terraform.checks.resource.aws.EC2DetailedMonitoringEnabled" file="/sample.tf">
            <failure type="failure" message="Resource aws_instance.web2 failed in check CKV_AWS_126/Ensure that detailed monitoring is enabled for EC2 instances - /sample.tf:[26, 33] - Guideline: https://docs.bridgecrew.io/docs/ensure-that-detailed-monitoring-is-enabled-for-ec2-instances"/>
        </testcase>
    </testsuite>
</testsuites>
